[00:01:34] [Server thread/INFO] [net.minecraft.server.dedicated.DedicatedServer]: De-opped Atlas17233
[00:01:43] [Server thread/INFO] [net.minecraft.server.dedicated.DedicatedServer]: Opped Atlas17233
[00:01:53] [Server thread/INFO] [net.minecraft.network.NetHandlerPlayServer]: Atlas17233 issued server command: /tp 10000 100 10000
[00:02:03] [Server thread/INFO] [net.minecraft.server.dedicated.DedicatedServer]: De-opped Atlas17233
[00:02:18] [pool-13-thread-1/INFO] []: [GM+] [INFO]  Data files refreshed.
[00:02:44] [Server thread/INFO] [net.minecraft.server.dedicated.DedicatedServer]: Opped Atlas17233
[00:03:33] [Server thread/INFO] [net.minecraft.network.NetHandlerPlayServer]: Atlas17233 issued server command: /mangaddp Builder essentials.build
[00:03:40] [Server thread/INFO] [net.minecraft.server.dedicated.DedicatedServer]: De-opped Atlas17233
[00:03:57] [Server thread/INFO] [net.minecraft.network.NetHandlerPlayServer]: Atlas17233 issued server command: /gamemode 2 Atlas17233
[00:03:57] [Server thread/INFO] [Essentials]: Atlas17233 was denied access to command.
[00:04:01] [Server thread/INFO] [net.minecraft.server.dedicated.DedicatedServer]: Opped Atlas17233
[00:04:02] [Server thread/INFO] [net.minecraft.network.NetHandlerPlayServer]: Atlas17233 issued server command: /gamemode 2 Atlas17233
[00:04:02] [Server thread/INFO] [net.minecraft.network.NetHandlerPlayServer]: Atlas17233 issued server command: /gamemode 0 Atlas17233
[00:04:05] [Server thread/INFO] [net.minecraft.server.dedicated.DedicatedServer]: De-opped Atlas17233
[00:04:16] [Server thread/INFO] [net.minecraft.network.NetHandlerPlayServer]: Atlas17233 issued server command: /gamemode 1 Atlas17233
[00:04:16] [Server thread/INFO] [Essentials]: Atlas17233 was denied access to command.
[00:04:18] [Server thread/INFO] [net.minecraft.server.dedicated.DedicatedServer]: Opped Atlas17233
[00:04:20] [Server thread/INFO] [net.minecraft.network.NetHandlerPlayServer]: Atlas17233 issued server command: /time set 78000
[00:04:30] [Server thread/INFO] [net.minecraft.network.NetHandlerPlayServer]: Atlas17233 issued server command: /gamemode 1 Atlas17233
[00:07:11] [Server thread/INFO] [net.minecraft.network.NetHandlerPlayServer]: Atlas17233 issued server command: /gamemode 2 Atlas17233
[00:07:12] [Server thread/INFO] [net.minecraft.network.NetHandlerPlayServer]: Atlas17233 issued server command: /gamemode 0 Atlas17233
[00:07:14] [Server thread/INFO] [net.minecraft.server.dedicated.DedicatedServer]: De-opped Atlas17233
[00:07:19] [Server thread/INFO] [net.minecraft.server.dedicated.DedicatedServer]: Atlas17233 has made the advancement [Unknown Technology]
[00:07:24] [Server thread/INFO] [net.minecraft.network.NetHandlerPlayServer]: Atlas17233 lost connection: Disconnected
[00:07:24] [Server thread/INFO] [net.minecraft.server.dedicated.DedicatedServer]: Atlas17233 left the game
[00:07:24] [Server thread/WARN] [com.earth2me.essentials.Essentials]: [Essentials] Task #25 for Essentials v2.17.2.54 generated an exception
java.lang.NullPointerException: null
	at com.earth2me.essentials.xmpp.XMPPManager.updatePresence(XMPPManager.java:142) ~[?:?]
	at com.earth2me.essentials.xmpp.EssentialsXMPP.updatePresence(EssentialsXMPP.java:113) ~[?:?]
	at org.bukkit.craftbukkit.v1_12_R1.scheduler.CraftTask.run(CraftTask.java:76) ~[CraftTask.class:git-CatServer-1.12.2-3440193]
	at org.bukkit.craftbukkit.v1_12_R1.scheduler.CraftScheduler.mainThreadHeartbeat(CraftScheduler.java:421) [CraftScheduler.class:git-CatServer-1.12.2-3440193]
	at net.minecraft.server.MinecraftServer.func_71190_q(MinecraftServer.java:837) [MinecraftServer.class:?]
	at net.minecraft.server.dedicated.DedicatedServer.func_71190_q(DedicatedServer.java:472) [nz.class:?]
	at net.minecraft.server.MinecraftServer.func_71217_p(MinecraftServer.java:782) [MinecraftServer.class:?]
	at net.minecraft.server.MinecraftServer.run(MinecraftServer.java:636) [MinecraftServer.class:?]
	at java.lang.Thread.run(Thread.java:748) [?:1.8.0_242]
[00:07:51] [Server console handler/ERROR] [net.minecraft.server.dedicated.DedicatedServer]: Exception handling console input
java.io.IOException: Input/output error
	at java.io.FileInputStream.readBytes(Native Method) ~[?:1.8.0_242]
	at java.io.FileInputStream.read(FileInputStream.java:255) ~[?:1.8.0_242]
	at java.io.BufferedInputStream.fill(BufferedInputStream.java:246) ~[?:1.8.0_242]
	at java.io.BufferedInputStream.read(BufferedInputStream.java:265) ~[?:1.8.0_242]
	at jline.internal.NonBlockingInputStream.read(NonBlockingInputStream.java:166) ~[jline-2.13.jar:?]
	at jline.internal.NonBlockingInputStream.read(NonBlockingInputStream.java:135) ~[jline-2.13.jar:?]
	at jline.internal.NonBlockingInputStream.read(NonBlockingInputStream.java:243) ~[jline-2.13.jar:?]
	at jline.internal.InputStreamReader.read(InputStreamReader.java:257) ~[jline-2.13.jar:?]
	at jline.internal.InputStreamReader.read(InputStreamReader.java:194) ~[jline-2.13.jar:?]
	at jline.console.ConsoleReader.readCharacter(ConsoleReader.java:2136) ~[jline-2.13.jar:?]
	at jline.console.ConsoleReader.readCharacter(ConsoleReader.java:2126) ~[jline-2.13.jar:?]
	at jline.console.ConsoleReader.readBinding(ConsoleReader.java:2211) ~[jline-2.13.jar:?]
	at jline.console.ConsoleReader.readLine(ConsoleReader.java:2460) ~[jline-2.13.jar:?]
	at jline.console.ConsoleReader.readLine(ConsoleReader.java:2372) ~[jline-2.13.jar:?]
	at net.minecraft.server.dedicated.DedicatedServer$2.run(DedicatedServer.java:120) [nz$2.class:?]
[00:07:51] [Thread-4/INFO] [net.minecraft.server.MinecraftServer]: Stopping server
